0 info it worked if it ends with ok
1 verbose cli [ '/usr/bin/nodejs',
1 verbose cli   '/usr/bin/npm',
1 verbose cli   'install',
1 verbose cli   '-g',
1 verbose cli   'lambda-local' ]
2 info using npm@2.15.8
3 info using node@v4.4.7
4 verbose install initial load of /usr/lib/package.json
5 verbose readDependencies loading dependencies from /usr/lib/package.json
6 silly cache add args [ 'lambda-local', null ]
7 verbose cache add spec lambda-local
8 silly cache add parsed spec Result {
8 silly cache add   raw: 'lambda-local',
8 silly cache add   scope: null,
8 silly cache add   name: 'lambda-local',
8 silly cache add   rawSpec: '',
8 silly cache add   spec: 'latest',
8 silly cache add   type: 'tag' }
9 silly addNamed lambda-local@latest
10 verbose addNamed "latest" is being treated as a dist-tag for lambda-local
11 info addNameTag [ 'lambda-local', 'latest' ]
12 silly mapToRegistry name lambda-local
13 silly mapToRegistry using default registry
14 silly mapToRegistry registry https://registry.npmjs.org/
15 silly mapToRegistry data Result {
15 silly mapToRegistry   raw: 'lambda-local',
15 silly mapToRegistry   scope: null,
15 silly mapToRegistry   name: 'lambda-local',
15 silly mapToRegistry   rawSpec: '',
15 silly mapToRegistry   spec: 'latest',
15 silly mapToRegistry   type: 'tag' }
16 silly mapToRegistry uri https://registry.npmjs.org/lambda-local
17 verbose addNameTag registry:https://registry.npmjs.org/lambda-local not in flight; fetching
18 verbose request uri https://registry.npmjs.org/lambda-local
19 verbose request no auth needed
20 info attempt registry request try #1 at 2:03:37 PM
21 verbose request id 2b65d461271f6394
22 http request GET https://registry.npmjs.org/lambda-local
23 http 200 https://registry.npmjs.org/lambda-local
24 verbose headers { server: 'CouchDB/1.5.0 (Erlang OTP/R16B03)',
24 verbose headers   etag: '"7TPG3CDB38FXC8E78FBCIHWTK"',
24 verbose headers   'content-type': 'application/json',
24 verbose headers   'content-encoding': 'gzip',
24 verbose headers   'cache-control': 'max-age=300',
24 verbose headers   'content-length': '2857',
24 verbose headers   'accept-ranges': 'bytes',
24 verbose headers   date: 'Mon, 11 Jul 2016 08:33:37 GMT',
24 verbose headers   via: '1.1 varnish',
24 verbose headers   age: '0',
24 verbose headers   connection: 'keep-alive',
24 verbose headers   'x-served-by': 'cache-sin6921-SIN',
24 verbose headers   'x-cache': 'MISS',
24 verbose headers   'x-cache-hits': '0',
24 verbose headers   'x-timer': 'S1468226017.583950,VS0,VE259',
24 verbose headers   vary: 'Accept-Encoding' }
25 silly get cb [ 200,
25 silly get   { server: 'CouchDB/1.5.0 (Erlang OTP/R16B03)',
25 silly get     etag: '"7TPG3CDB38FXC8E78FBCIHWTK"',
25 silly get     'content-type': 'application/json',
25 silly get     'content-encoding': 'gzip',
25 silly get     'cache-control': 'max-age=300',
25 silly get     'content-length': '2857',
25 silly get     'accept-ranges': 'bytes',
25 silly get     date: 'Mon, 11 Jul 2016 08:33:37 GMT',
25 silly get     via: '1.1 varnish',
25 silly get     age: '0',
25 silly get     connection: 'keep-alive',
25 silly get     'x-served-by': 'cache-sin6921-SIN',
25 silly get     'x-cache': 'MISS',
25 silly get     'x-cache-hits': '0',
25 silly get     'x-timer': 'S1468226017.583950,VS0,VE259',
25 silly get     vary: 'Accept-Encoding' } ]
26 verbose get saving lambda-local to /home/qbuser/.npm/registry.npmjs.org/lambda-local/.cache.json
27 verbose correctMkdir /home/qbuser/.npm correctMkdir not in flight; initializing
28 verbose makeDirectory /home/qbuser/.npm creation not in flight; initializing
29 silly makeDirectory /home/qbuser/.npm uid: 1001 gid: 1001
30 silly addNameTag next cb for lambda-local with tag latest
31 silly addNamed lambda-local@0.0.10
32 verbose addNamed "0.0.10" is a plain semver version for lambda-local
33 silly mapToRegistry name lambda-local
34 silly mapToRegistry using default registry
35 silly mapToRegistry registry https://registry.npmjs.org/
36 silly mapToRegistry data Result {
36 silly mapToRegistry   raw: 'lambda-local',
36 silly mapToRegistry   scope: null,
36 silly mapToRegistry   name: 'lambda-local',
36 silly mapToRegistry   rawSpec: '',
36 silly mapToRegistry   spec: 'latest',
36 silly mapToRegistry   type: 'tag' }
37 silly mapToRegistry uri https://registry.npmjs.org/lambda-local
38 verbose addRemoteTarball https://registry.npmjs.org/lambda-local/-/lambda-local-0.0.10.tgz not in flight; adding
39 verbose addRemoteTarball [ 'https://registry.npmjs.org/lambda-local/-/lambda-local-0.0.10.tgz',
39 verbose addRemoteTarball   'f35313267ab65fdd3164f4fc03e1f56cfc370ad0' ]
40 info retry fetch attempt 1 at 2:03:38 PM
41 info attempt registry request try #1 at 2:03:38 PM
42 http fetch GET https://registry.npmjs.org/lambda-local/-/lambda-local-0.0.10.tgz
43 http fetch 200 https://registry.npmjs.org/lambda-local/-/lambda-local-0.0.10.tgz
44 silly fetchAndShaCheck shasum f35313267ab65fdd3164f4fc03e1f56cfc370ad0
45 verbose addTmpTarball /tmp/npm-12282-00656c3a/registry.npmjs.org/lambda-local/-/lambda-local-0.0.10.tgz not in flight; adding
46 verbose addTmpTarball already have metadata; skipping unpack for lambda-local@0.0.10
47 verbose correctMkdir /home/qbuser/.npm correctMkdir not in flight; initializing
48 silly cache afterAdd lambda-local@0.0.10
49 verbose afterAdd /home/qbuser/.npm/lambda-local/0.0.10/package/package.json not in flight; writing
50 verbose correctMkdir /home/qbuser/.npm correctMkdir not in flight; initializing
51 verbose afterAdd /home/qbuser/.npm/lambda-local/0.0.10/package/package.json written
52 silly install resolved [ { name: 'lambda-local',
52 silly install resolved     version: '0.0.10',
52 silly install resolved     description: 'Commandline tool to run Lambda functions on your local machine.',
52 silly install resolved     keywords: [ 'lambda', 'amazon', 'aws', 'AWS', 'local', 'run' ],
52 silly install resolved     author: { name: 'ashiina' },
52 silly install resolved     engines: { node: '>=0.10' },
52 silly install resolved     dependencies:
52 silly install resolved      { 'aws-sdk': '^2.1.6',
52 silly install resolved        commander: '^2.6.0',
52 silly install resolved        fs: '^0.0.2',
52 silly install resolved        mocha: '^2.4.5' },
52 silly install resolved     preferGlobal: true,
52 silly install resolved     bin: { 'lambda-local': './bin/lambda-local' },
52 silly install resolved     repository:
52 silly install resolved      { type: 'git',
52 silly install resolved        url: 'https://github.com/ashiina/lambda-local.git' },
52 silly install resolved     bugs: { url: 'https://github.com/ashiina/lambda-local/issues' },
52 silly install resolved     gitHead: 'cc117effbfdd6dfadc2c8ae9a9a7c1a788f2b6a5',
52 silly install resolved     homepage: 'https://github.com/ashiina/lambda-local',
52 silly install resolved     _id: 'lambda-local@0.0.10',
52 silly install resolved     scripts: {},
52 silly install resolved     _shasum: 'f35313267ab65fdd3164f4fc03e1f56cfc370ad0',
52 silly install resolved     _from: 'lambda-local@latest',
52 silly install resolved     _npmVersion: '2.1.18',
52 silly install resolved     _nodeVersion: '0.10.35',
52 silly install resolved     _npmUser: { name: 'ashiina', email: 'ahmad@timers-inc.com' },
52 silly install resolved     maintainers: [ [Object] ],
52 silly install resolved     dist:
52 silly install resolved      { shasum: 'f35313267ab65fdd3164f4fc03e1f56cfc370ad0',
52 silly install resolved        tarball: 'https://registry.npmjs.org/lambda-local/-/lambda-local-0.0.10.tgz' },
52 silly install resolved     _npmOperationalInternal:
52 silly install resolved      { host: 'packages-12-west.internal.npmjs.com',
52 silly install resolved        tmp: 'tmp/lambda-local-0.0.10.tgz_1464481395861_0.07643205136992037' },
52 silly install resolved     directories: {},
52 silly install resolved     _resolved: 'https://registry.npmjs.org/lambda-local/-/lambda-local-0.0.10.tgz' } ]
53 info install lambda-local@0.0.10 into /usr/lib
54 info installOne lambda-local@0.0.10
55 verbose installOne of lambda-local to /usr/lib not in flight; installing
56 verbose correctMkdir /home/qbuser/.npm/_locks correctMkdir not in flight; initializing
57 verbose makeDirectory /home/qbuser/.npm/_locks creation not in flight; initializing
58 silly makeDirectory /home/qbuser/.npm/_locks uid: 1001 gid: 1001
59 verbose lock using /home/qbuser/.npm/_locks/lambda-local-b473c54946cc5625.lock for /usr/lib/node_modules/lambda-local
60 silly install write writing lambda-local 0.0.10 to /usr/lib/node_modules/lambda-local
61 verbose unbuild lib/node_modules/lambda-local
62 silly gentlyRm /usr/lib/node_modules/lambda-local is being purged from base /usr
63 verbose gentlyRm don't care about contents; nuking /usr/lib/node_modules/lambda-local
64 verbose tar unpack /home/qbuser/.npm/lambda-local/0.0.10/package.tgz
65 verbose tar unpacking to /usr/lib/node_modules/lambda-local
66 silly gentlyRm /usr/lib/node_modules/lambda-local is being purged
67 verbose gentlyRm don't care about contents; nuking /usr/lib/node_modules/lambda-local
68 silly gunzTarPerm modes [ '775', '664' ]
69 error tar.unpack untar error /home/qbuser/.npm/lambda-local/0.0.10/package.tgz
70 verbose unlock done using /home/qbuser/.npm/_locks/lambda-local-b473c54946cc5625.lock for /usr/lib/node_modules/lambda-local
71 verbose fstream_path /usr/lib/node_modules/lambda-local
72 verbose fstream_type Directory
73 verbose fstream_class DirWriter
74 verbose stack Error: EACCES: permission denied, mkdir '/usr/lib/node_modules/lambda-local'
74 verbose stack     at Error (native)
75 verbose fstream_stack /usr/lib/node_modules/npm/node_modules/fstream/lib/dir-writer.js:35:25
75 verbose fstream_stack /usr/lib/node_modules/npm/node_modules/mkdirp/index.js:47:53
75 verbose fstream_stack FSReqWrap.oncomplete (fs.js:82:15)
76 verbose cwd /home/qbuser/Desktop/code/ProjectRaily
77 error Linux 3.13.0-24-generic
78 error argv "/usr/bin/nodejs" "/usr/bin/npm" "install" "-g" "lambda-local"
79 error node v4.4.7
80 error npm  v2.15.8
81 error path /usr/lib/node_modules/lambda-local
82 error code EACCES
83 error errno -13
84 error syscall mkdir
85 error Error: EACCES: permission denied, mkdir '/usr/lib/node_modules/lambda-local'
85 error     at Error (native)
85 error  { [Error: EACCES: permission denied, mkdir '/usr/lib/node_modules/lambda-local']
85 error   errno: -13,
85 error   code: 'EACCES',
85 error   syscall: 'mkdir',
85 error   path: '/usr/lib/node_modules/lambda-local',
85 error   fstream_type: 'Directory',
85 error   fstream_path: '/usr/lib/node_modules/lambda-local',
85 error   fstream_class: 'DirWriter',
85 error   fstream_stack:
85 error    [ '/usr/lib/node_modules/npm/node_modules/fstream/lib/dir-writer.js:35:25',
85 error      '/usr/lib/node_modules/npm/node_modules/mkdirp/index.js:47:53',
85 error      'FSReqWrap.oncomplete (fs.js:82:15)' ] }
86 error Please try running this command again as root/Administrator.
87 verbose exit [ -13, true ]
88 verbose unbuild lib/node_modules/lambda-local
89 silly gentlyRm /usr/lib/node_modules/lambda-local is being purged from base /usr
90 verbose gentlyRm don't care about contents; nuking /usr/lib/node_modules/lambda-local
